<?xml version="1.0" encoding="UTF-8"?>
<!-- Generated by org.testng.reporters.JUnitReportReporter -->
<testsuite skipped="0" hostname="DESKTOP-2IEME8E" name="generic.StartSeleniumServer" tests="1" failures="0" timestamp="26 Feb 2018 08:24:18 GMT" time="6.032" errors="0">
  <testcase name="startSeleniumServer" time="6.032" classname="generic.StartSeleniumServer"/>
</testsuite> <!-- generic.StartSeleniumServer -->
