<?xml version="1.0" encoding="UTF-8"?>
<!-- Generated by org.testng.reporters.JUnitReportReporter -->
<testsuite skipped="0" hostname="DESKTOP-2IEME8E" name="script.ValidLogin" tests="2" failures="0" timestamp="06 Mar 2018 13:05:15 GMT" time="130.106" errors="0">
  <testcase name="testValidLogin" time="67.117" classname="script.ValidLogin"/>
  <testcase name="testValidLogin" time="62.989" classname="script.ValidLogin"/>
</testsuite> <!-- script.ValidLogin -->
