<?xml version="1.0" encoding="UTF-8"?>
<!-- Generated by org.testng.reporters.JUnitReportReporter -->
<testsuite skipped="0" hostname="DESKTOP-2IEME8E" name="script.ValidLogin" tests="2" failures="0" timestamp="26 Feb 2018 08:09:09 GMT" time="77.528" errors="0">
  <testcase name="testValidLogin" time="37.766" classname="script.ValidLogin"/>
  <testcase name="testValidLogin" time="39.762" classname="script.ValidLogin"/>
</testsuite> <!-- script.ValidLogin -->
