<?xml version="1.0" encoding="UTF-8"?>
<!-- Generated by org.testng.reporters.JUnitReportReporter -->
<testsuite skipped="0" hostname="DESKTOP-2IEME8E" name="script.InvalidLogin" tests="2" failures="0" timestamp="26 Feb 2018 08:09:09 GMT" time="42.268" errors="0">
  <testcase name="testInvalidLogin" time="22.787" classname="script.InvalidLogin"/>
  <testcase name="testInvalidLogin" time="19.481" classname="script.InvalidLogin"/>
</testsuite> <!-- script.InvalidLogin -->
